<?xml version="1.0" encoding="UTF-8"?>
<!-- Generated by org.testng.reporters.JUnitXMLReporter -->
<testsuite ignored="0" hostname="SHARATH" failures="0" tests="15" name="Simple Test" time="1.398" errors="0" timestamp="12 Aug 2019 09:57:57 GMT">
  <testcase classname="com.shutapp.newui.loginflow.AppiumServer" name="@BeforeTest Capabilities" time="1.351">
    <failure type="org.openqa.selenium.WebDriverException" message="Connection refused: connect
Build info: version: &amp;apos;3.141.59&amp;apos;, revision: &amp;apos;e82be7d358&amp;apos;, time: &amp;apos;2018-11-14T08:17:03&amp;apos;
System info: host: &amp;apos;SHARATH&amp;apos;, ip: &amp;apos;192.168.0.175&amp;apos;, os.name: &amp;apos;Windows 10&amp;apos;, os.arch: &amp;apos;amd64&amp;apos;, os.version: &amp;apos;10.0&amp;apos;, java.version: &amp;apos;12.0.1&amp;apos;
Driver info: driver.version: AndroidDriver">
      <![CDATA[org.openqa.selenium.WebDriverException: Connection refused: connect
Build info: version: '3.141.59', revision: 'e82be7d358', time: '2018-11-14T08:17:03'
System info: host: 'SHARATH', ip: '192.168.0.175', os.name: 'Windows 10', os.arch: 'amd64', os.version: '10.0', java.version: '12.0.1'
Driver info: driver.version: AndroidDriver
at io.appium.java_client.remote.AppiumCommandExecutor.lambda$5(AppiumCommandExecutor.java:251)
at java.base/java.util.Optional.orElseGet(Optional.java:369)
at io.appium.java_client.remote.AppiumCommandExecutor.execute(AppiumCommandExecutor.java:250)
at org.openqa.selenium.remote.RemoteWebDriver.execute(RemoteWebDriver.java:552)
at io.appium.java_client.DefaultGenericMobileDriver.execute(DefaultGenericMobileDriver.java:42)
at io.appium.java_client.AppiumDriver.execute(AppiumDriver.java:1)
at io.appium.java_client.android.AndroidDriver.execute(AndroidDriver.java:1)
at org.openqa.selenium.remote.RemoteWebDriver.startSession(RemoteWebDriver.java:213)
at org.openqa.selenium.remote.RemoteWebDriver.<init>(RemoteWebDriver.java:131)
at io.appium.java_client.DefaultGenericMobileDriver.<init>(DefaultGenericMobileDriver.java:38)
at io.appium.java_client.AppiumDriver.<init>(AppiumDriver.java:84)
at io.appium.java_client.AppiumDriver.<init>(AppiumDriver.java:94)
at io.appium.java_client.android.AndroidDriver.<init>(AndroidDriver.java:95)
at com.shutapp.newui.loginflow.AppiumServer.Capabilities(AppiumServer.java:73)
Caused by: java.net.ConnectException: Connection refused: connect
at java.base/java.net.PlainSocketImpl.waitForConnect(Native Method)
at java.base/java.net.PlainSocketImpl.socketConnect(PlainSocketImpl.java:107)
at java.base/java.net.AbstractPlainSocketImpl.doConnect(AbstractPlainSocketImpl.java:399)
at java.base/java.net.AbstractPlainSocketImpl.connectToAddress(AbstractPlainSocketImpl.java:242)
at java.base/java.net.AbstractPlainSocketImpl.connect(AbstractPlainSocketImpl.java:224)
at java.base/java.net.SocksSocketImpl.connect(SocksSocketImpl.java:403)
at java.base/java.net.Socket.connect(Socket.java:591)
at okhttp3.internal.platform.Platform.connectSocket(Platform.java:129)
at okhttp3.internal.connection.RealConnection.connectSocket(RealConnection.java:245)
at okhttp3.internal.connection.RealConnection.connect(RealConnection.java:165)
at okhttp3.internal.connection.StreamAllocation.findConnection(StreamAllocation.java:257)
at okhttp3.internal.connection.StreamAllocation.findHealthyConnection(StreamAllocation.java:135)
at okhttp3.internal.connection.StreamAllocation.newStream(StreamAllocation.java:114)
at okhttp3.internal.connection.ConnectInterceptor.intercept(ConnectInterceptor.java:42)
at okhttp3.internal.http.RealInterceptorChain.proceed(RealInterceptorChain.java:147)
at okhttp3.internal.http.RealInterceptorChain.proceed(RealInterceptorChain.java:121)
at okhttp3.internal.cache.CacheInterceptor.intercept(CacheInterceptor.java:93)
at okhttp3.internal.http.RealInterceptorChain.proceed(RealInterceptorChain.java:147)
at okhttp3.internal.http.RealInterceptorChain.proceed(RealInterceptorChain.java:121)
at okhttp3.internal.http.BridgeInterceptor.intercept(BridgeInterceptor.java:93)
at okhttp3.internal.http.RealInterceptorChain.proceed(RealInterceptorChain.java:147)
at okhttp3.internal.http.RetryAndFollowUpInterceptor.intercept(RetryAndFollowUpInterceptor.java:126)
at okhttp3.internal.http.RealInterceptorChain.proceed(RealInterceptorChain.java:147)
at okhttp3.internal.http.RealInterceptorChain.proceed(RealInterceptorChain.java:121)
at okhttp3.RealCall.getResponseWithInterceptorChain(RealCall.java:200)
at okhttp3.RealCall.execute(RealCall.java:77)
at org.openqa.selenium.remote.internal.OkHttpClient.execute(OkHttpClient.java:103)
at org.openqa.selenium.remote.ProtocolHandshake.createSession(ProtocolHandshake.java:105)
at io.appium.java_client.remote.AppiumCommandExecutor$1.createSession(AppiumCommandExecutor.java:186)
at io.appium.java_client.remote.AppiumCommandExecutor.createSession(AppiumCommandExecutor.java:217)
at io.appium.java_client.remote.AppiumCommandExecutor.execute(AppiumCommandExecutor.java:239)
... 35 more
... Removed 28 stack frames]]>
    </failure>
  </testcase> <!-- @BeforeTest Capabilities -->
  <testcase classname="com.shutapp.newui.loginflow.AppiumServer" name="OnBoardingScreenOne" time="0.0">
    <skipped/>
  </testcase> <!-- OnBoardingScreenOne -->
  <testcase classname="com.shutapp.newui.loginflow.AppiumServer" name="MobileNumber" time="0.0">
    <skipped/>
  </testcase> <!-- MobileNumber -->
  <testcase classname="com.shutapp.newui.loginflow.AppiumServer" name="EnterUserName" time="0.0">
    <skipped/>
  </testcase> <!-- EnterUserName -->
  <testcase classname="com.shutapp.newui.loginflow.AppiumServer" name="OnBoardingScreenThree" time="0.0">
    <skipped/>
  </testcase> <!-- OnBoardingScreenThree -->
  <testcase classname="com.shutapp.newui.loginflow.AppiumServer" name="ShutMode" time="0.0">
    <skipped/>
  </testcase> <!-- ShutMode -->
  <testcase classname="com.shutapp.newui.sendBulkmessage.CreatePrivateGroupTest" name="CreateGroup" time="0.0">
    <skipped/>
  </testcase> <!-- CreateGroup -->
  <testcase classname="com.shutapp.newui.sendBulkmessage.CreatePrivateGroupTest" name="TTL" time="0.0">
    <skipped/>
  </testcase> <!-- TTL -->
  <testcase classname="com.shutapp.newui.sendBulkmessage.CreatePrivateGroupTest" name="TextMessage" time="0.0">
    <skipped/>
  </testcase> <!-- TextMessage -->
  <testcase classname="com.shutapp.newui.sendBulkmessage.CreatePrivateGroupTest" name="AnonymousTextMessage" time="0.0">
    <skipped/>
  </testcase> <!-- AnonymousTextMessage -->
  <testcase classname="com.shutapp.newui.sendBulkmessage.CreatePrivateGroupTest" name="Images" time="0.0">
    <skipped/>
  </testcase> <!-- Images -->
  <testcase classname="com.shutapp.newui.sendBulkmessage.CreatePrivateGroupTest" name="AnonymousImages" time="0.0">
    <skipped/>
  </testcase> <!-- AnonymousImages -->
  <testcase classname="com.shutapp.newui.sendBulkmessage.CreatePrivateGroupTest" name="Videos" time="0.0">
    <skipped/>
  </testcase> <!-- Videos -->
  <testcase classname="com.shutapp.newui.sendBulkmessage.CreatePrivateGroupTest" name="AnonymousVideos" time="0.0">
    <skipped/>
  </testcase> <!-- AnonymousVideos -->
  <testcase classname="com.shutapp.newui.sendBulkmessage.CreatePrivateGroupTest" name="BulkAudios" time="0.0">
    <skipped/>
  </testcase> <!-- BulkAudios -->
  <testcase classname="com.shutapp.newui.sendBulkmessage.CreatePrivateGroupTest" name="AnonymousAudios" time="0.0">
    <skipped/>
  </testcase> <!-- AnonymousAudios -->
</testsuite> <!-- Simple Test -->
