<?xml version="1.0" encoding="UTF-8"?>
<!-- Generated by org.testng.reporters.JUnitXMLReporter -->
<testsuite ignored="0" hostname="SHARATH" failures="0" tests="4" name="Default test" time="91.401" errors="0" timestamp="17 Oct 2019 08:30:01 GMT">
  <testcase classname="com.shutapp.newui.loginflow.AppiumServer" name="OnBoardingScreen" time="18.091"/>
  <testcase classname="com.shutapp.newui.loginflow.AppiumServer" name="MobileNumber" time="28.162"/>
  <testcase classname="com.shutapp.newui.loginflow.AppiumServer" name="OTP" time="1.88"/>
  <testcase classname="com.shutapp.newui.loginflow.AppiumServer" name="EnterUserName" time="28.544"/>
</testsuite> <!-- Default test -->
