<?xml version="1.0" encoding="UTF-8"?>
<!-- Generated by org.testng.reporters.JUnitXMLReporter -->
<testsuite ignored="0" hostname="SHARATH" failures="0" tests="6" name="Default test" time="141.797" errors="0" timestamp="07 Aug 2019 11:51:29 GMT">
  <testcase classname="com.shutapp.loginflow.AppiumServer" name="OnBoardingScreenOne" time="12.89"/>
  <testcase classname="com.shutapp.loginflow.AppiumServer" name="MobileNumber" time="27.083"/>
  <testcase classname="com.shutapp.loginflow.AppiumServer" name="OTP" time="37.852"/>
  <testcase classname="com.shutapp.loginflow.AppiumServer" name="EnterUserName" time="30.448"/>
  <testcase classname="com.shutapp.loginflow.AppiumServer" name="OnBoardingScreenThree" time="8.623"/>
  <testcase classname="com.shutapp.loginflow.AppiumServer" name="ShutMode" time="11.02"/>
</testsuite> <!-- Default test -->
