<?xml version="1.0" encoding="UTF-8"?>
<testng-results ignored="0" total="6" passed="6" failed="0" skipped="0">
  <reporter-output>
  </reporter-output>
  <suite started-at="2019-08-07T11:49:07Z" name="Default suite" finished-at="2019-08-07T11:51:29Z" duration-ms="141797">
    <groups>
    </groups>
    <test started-at="2019-08-07T11:49:07Z" name="Default test" finished-at="2019-08-07T11:51:29Z" duration-ms="141797">
      <class name="com.shutapp.loginflow.AppiumServer">
        <test-method is-config="true" signature="startServer()[pri:0, instance:com.shutapp.loginflow.AppiumServer@54e7df6a]" started-at="2019-08-07T11:48:57Z" name="startServer" finished-at="2019-08-07T11:49:07Z" duration-ms="10027" status="PASS">
          <reporter-output>
          </reporter-output>
        </test-method> <!-- startServer -->
        <test-method is-config="true" signature="Capabilities()[pri:0, instance:com.shutapp.loginflow.AppiumServer@54e7df6a]" started-at="2019-08-07T11:49:07Z" name="Capabilities" finished-at="2019-08-07T11:49:21Z" duration-ms="13858" status="PASS">
          <reporter-output>
          </reporter-output>
        </test-method> <!-- Capabilities -->
        <test-method signature="OnBoardingScreenOne()[pri:1, instance:com.shutapp.loginflow.AppiumServer@54e7df6a]" started-at="2019-08-07T11:49:21Z" name="OnBoardingScreenOne" finished-at="2019-08-07T11:49:34Z" duration-ms="12890" status="PASS">
          <reporter-output>
          </reporter-output>
        </test-method> <!-- OnBoardingScreenOne -->
        <test-method signature="MobileNumber()[pri:2, instance:com.shutapp.loginflow.AppiumServer@54e7df6a]" started-at="2019-08-07T11:49:34Z" name="MobileNumber" finished-at="2019-08-07T11:50:01Z" duration-ms="27083" status="PASS">
          <reporter-output>
          </reporter-output>
        </test-method> <!-- MobileNumber -->
        <test-method signature="OTP()[pri:3, instance:com.shutapp.loginflow.AppiumServer@54e7df6a]" started-at="2019-08-07T11:50:01Z" name="OTP" finished-at="2019-08-07T11:50:39Z" duration-ms="37852" status="PASS">
          <reporter-output>
          </reporter-output>
        </test-method> <!-- OTP -->
        <test-method signature="EnterUserName()[pri:4, instance:com.shutapp.loginflow.AppiumServer@54e7df6a]" started-at="2019-08-07T11:50:39Z" name="EnterUserName" finished-at="2019-08-07T11:51:10Z" duration-ms="30448" status="PASS">
          <reporter-output>
          </reporter-output>
        </test-method> <!-- EnterUserName -->
        <test-method signature="OnBoardingScreenThree()[pri:5, instance:com.shutapp.loginflow.AppiumServer@54e7df6a]" started-at="2019-08-07T11:51:10Z" name="OnBoardingScreenThree" finished-at="2019-08-07T11:51:18Z" duration-ms="8623" status="PASS">
          <reporter-output>
          </reporter-output>
        </test-method> <!-- OnBoardingScreenThree -->
        <test-method signature="ShutMode()[pri:6, instance:com.shutapp.loginflow.AppiumServer@54e7df6a]" started-at="2019-08-07T11:51:18Z" name="ShutMode" finished-at="2019-08-07T11:51:29Z" duration-ms="11020" status="PASS">
          <reporter-output>
          </reporter-output>
        </test-method> <!-- ShutMode -->
      </class> <!-- com.shutapp.loginflow.AppiumServer -->
    </test> <!-- Default test -->
  </suite> <!-- Default suite -->
</testng-results>
